<?xml version="1.0" encoding="UTF-8"?>
<!-- Generated by org.testng.reporters.JUnitReportReporter -->
<testsuite skipped="0" hostname="Pitiass-MacBook-Pro.local" name="com.sample.test.demo.tests.DemoTest" tests="1" failures="0" timestamp="22 Apr 2021 23:37:02 GMT" time="11.313" errors="0">
  <testcase name="happypathTest" time="11.313" classname="com.sample.test.demo.tests.DemoTest"/>
</testsuite> <!-- com.sample.test.demo.tests.DemoTest -->
